<?xml version="1.0" encoding="UTF-8"?>
<testng-results skipped="0" failed="0" ignored="0" total="2" passed="2">
  <reporter-output>
  </reporter-output>
  <suite name="Suite" duration-ms="15247" started-at="2019-09-27T15:50:06 IST" finished-at="2019-09-27T15:50:22 IST">
    <groups>
    </groups>
    <test name="Test" duration-ms="15247" started-at="2019-09-27T15:50:06 IST" finished-at="2019-09-27T15:50:22 IST">
      <class name="TestClassed.TestClass">
        <test-method status="PASS" signature="Test1()[pri:0, instance:TestClassed.TestClass@5a8e6209]" name="Test1" duration-ms="15160" started-at="2019-09-27T15:50:07 IST" finished-at="2019-09-27T15:50:22 IST">
          <reporter-output>
          </reporter-output>
        </test-method> <!-- Test1 -->
        <test-method status="PASS" signature="Test2()[pri:0, instance:TestClassed.TestClass@5a8e6209]" name="Test2" duration-ms="21" started-at="2019-09-27T15:50:07 IST" finished-at="2019-09-27T15:50:07 IST">
          <reporter-output>
          </reporter-output>
        </test-method> <!-- Test2 -->
      </class> <!-- TestClassed.TestClass -->
    </test> <!-- Test -->
  </suite> <!-- Suite -->
</testng-results>
